#
# There is insufficient memory for the Java Runtime Environment to continue.
# Native memory allocation (mmap) failed to map 69206016 bytes for committing reserved memory.
# Possible reasons:
#   The system is out of physical RAM or swap space
#   In 32 bit mode, the process size limit was hit
# Possible solutions:
#   Reduce memory load on the system
#   Increase physical memory or swap space
#   Check if swap backing store is full
#   Use 64 bit Java on a 64 bit OS
#   Decrease Java heap size (-Xmx/-Xms)
#   Decrease number of Java threads
#   Decrease Java thread stack sizes (-Xss)
#   Set larger code cache with -XX:ReservedCodeCacheSize=
# This output file may be truncated or incomplete.
#
#  Out of Memory Error (os_linux.cpp:2627), pid=37122, tid=0x00007fadf0297700
#
# JRE version: Java(TM) SE Runtime Environment (8.0_101-b13) (build 1.8.0_101-b13)
# Java VM: Java HotSpot(TM) 64-Bit Server VM (25.101-b13 mixed mode linux-amd64 compressed oops)
# Failed to write core dump. Core dumps have been disabled. To enable core dumping, try "ulimit -c unlimited" before starting Java again
#

---------------  T H R E A D  ---------------

Current thread (0x00007fae04073800):  VMThread [stack: 0x00007fadf0197000,0x00007fadf0298000] [id=37136]

Stack: [0x00007fadf0197000,0x00007fadf0298000],  sp=0x00007fadf0296370,  free space=1020k
Native frames: (J=compiled Java code, j=interpreted, Vv=VM code, C=native code)
V  [libjvm.so+0xac3f0a]  VMError::report_and_die()+0x2ba
V  [libjvm.so+0x4fbf9b]  report_vm_out_of_memory(char const*, int, unsigned long, VMErrorType, char const*)+0x8b
V  [libjvm.so+0x9222d3]  os::Linux::commit_memory_impl(char*, unsigned long, bool)+0x103
V  [libjvm.so+0x922829]  os::pd_commit_memory(char*, unsigned long, unsigned long, bool)+0x29
V  [libjvm.so+0x91cb2a]  os::commit_memory(char*, unsigned long, unsigned long, bool)+0x2a
V  [libjvm.so+0x991053]  PSVirtualSpace::expand_by(unsigned long)+0x53
V  [libjvm.so+0x992458]  PSYoungGen::resize_generation(unsigned long, unsigned long)+0xf8
V  [libjvm.so+0x9915b2]  PSYoungGen::resize(unsigned long, unsigned long)+0x22
V  [libjvm.so+0x98e88b]  PSScavenge::invoke_no_policy()+0xf3b
V  [libjvm.so+0x989b35]  PSParallelCompact::invoke(bool)+0x85
V  [libjvm.so+0xac5a68]  VM_ParallelGCSystemGC::doit()+0xa8
V  [libjvm.so+0xacd405]  VM_Operation::evaluate()+0x55
V  [libjvm.so+0xacb7da]  VMThread::evaluate_operation(VM_Operation*)+0xba
V  [libjvm.so+0xacbb5e]  VMThread::loop()+0x1ce
V  [libjvm.so+0xacbfd0]  VMThread::run()+0x70
V  [libjvm.so+0x924698]  java_start(Thread*)+0x108

VM_Operation (0x00007fae0cd458e0): ParallelGCSystemGC, mode: safepoint, requested by thread 0x00007fae04009800


---------------  P R O C E S S  ---------------

Java Threads: ( => current thread )
  0x00007fae049e2800 JavaThread "resolver-5" daemon [_thread_blocked, id=37148, stack(0x00007fade181c000,0x00007fade191d000)]
  0x00007fae049cc800 JavaThread "resolver-4" daemon [_thread_blocked, id=37147, stack(0x00007fade191d000,0x00007fade1a1e000)]
  0x00007fae04b87000 JavaThread "resolver-3" daemon [_thread_blocked, id=37146, stack(0x00007fade1a1e000,0x00007fade1b1f000)]
  0x00007fae04b86000 JavaThread "resolver-2" daemon [_thread_blocked, id=37145, stack(0x00007fade1b1f000,0x00007fade1c20000)]
  0x00007fae04bf7800 JavaThread "resolver-1" daemon [_thread_blocked, id=37144, stack(0x00007fade1c20000,0x00007fade1d21000)]
  0x00007fae040ba000 JavaThread "Service Thread" daemon [_thread_blocked, id=37142, stack(0x00007fade3972000,0x00007fade3a73000)]
  0x00007fae040b7000 JavaThread "C1 CompilerThread1" daemon [_thread_blocked, id=37141, stack(0x00007fade3a73000,0x00007fade3b74000)]
  0x00007fae040b4000 JavaThread "C2 CompilerThread0" daemon [_thread_blocked, id=37140, stack(0x00007fade3b74000,0x00007fade3c75000)]
  0x00007fae040b3000 JavaThread "Signal Dispatcher" daemon [_thread_blocked, id=37139, stack(0x00007fade3c75000,0x00007fade3d76000)]
  0x00007fae0407f800 JavaThread "Finalizer" daemon [_thread_blocked, id=37138, stack(0x00007fade3eff000,0x00007fade4000000)]
  0x00007fae0407b000 JavaThread "Reference Handler" daemon [_thread_blocked, id=37137, stack(0x00007fadf0096000,0x00007fadf0197000)]
  0x00007fae04009800 JavaThread "main" [_thread_blocked, id=37133, stack(0x00007fae0cc47000,0x00007fae0cd48000)]

Other Threads:
=>0x00007fae04073800 VMThread [stack: 0x00007fadf0197000,0x00007fadf0298000] [id=37136]
  0x00007fae040bd000 WatcherThread [stack: 0x00007fade3871000,0x00007fade3972000] [id=37143]

VM state:at safepoint (normal execution)

VM Mutex/Monitor currently owned by a thread:  ([mutex/lock_event])
[0x00007fae04006020] Threads_lock - owner thread: 0x00007fae04073800
[0x00007fae04006520] Heap_lock - owner thread: 0x00007fae04009800

Heap:
 PSYoungGen      total 382976K, used 76790K [0x0000000791c00000, 0x00000007b0680000, 0x00000007c0000000)
  eden space 306176K, 0% used [0x0000000791c00000,0x0000000791c00000,0x00000007a4700000)
  from space 76800K, 99% used [0x00000007a4700000,0x00000007a91fdbd0,0x00000007a9200000)
  to   space 32256K, 0% used [0x00000007a9200000,0x00000007a9200000,0x00000007ab180000)
 ParOldGen       total 301568K, used 164229K [0x0000000735400000, 0x0000000747a80000, 0x0000000791c00000)
  object space 301568K, 54% used [0x0000000735400000,0x000000073f461570,0x0000000747a80000)
 Metaspace       used 29360K, capacity 30242K, committed 30464K, reserved 1077248K
  class space    used 3285K, capacity 3524K, committed 3584K, reserved 1048576K

Card table byte_map: [0x00007fae095cb000,0x00007fae09a22000] byte_map_base: 0x00007fae05c21000

Marking Bits: (ParMarkBitMap*) 0x00007fae0c139120
 Begin Bits: [0x00007fadf0aa0000, 0x00007fadf2d50000)
 End Bits:   [0x00007fadf2d50000, 0x00007fadf5000000)

Polling page: 0x00007fae0cd65000

CodeCache: size=245760Kb used=16942Kb max_used=17502Kb free=228817Kb
 bounds [0x00007fadf5000000, 0x00007fadf6130000, 0x00007fae04000000]
 total_blobs=6164 nmethods=5773 adapters=304
 compilation: enabled

Compilation events (10 events):
Event: 28.845 Thread 0x00007fae040b7000 6716       3       java.io.RandomAccessFile$1::<init> (10 bytes)
Event: 28.846 Thread 0x00007fae040b7000 nmethod 6716 0x00007fadf5359410 code [0x00007fadf5359580, 0x00007fadf5359750]
Event: 28.846 Thread 0x00007fae040b7000 6717       3       java.io.RandomAccessFile$1::close (8 bytes)
Event: 28.846 Thread 0x00007fae040b7000 nmethod 6717 0x00007fadf59aa590 code [0x00007fadf59aa700, 0x00007fadf59aa8e8]
Event: 28.846 Thread 0x00007fae040b7000 6718       3       java.io.RandomAccessFile::access$000 (5 bytes)
Event: 28.846 Thread 0x00007fae040b7000 nmethod 6718 0x00007fadf57afed0 code [0x00007fadf57b0040, 0x00007fadf57b01a8]
Event: 28.898 Thread 0x00007fae040b7000 6720       3       java.io.PrintStream::ensureOpen (18 bytes)
Event: 28.898 Thread 0x00007fae040b7000 nmethod 6720 0x00007fadf5a1aed0 code [0x00007fadf5a1b040, 0x00007fadf5a1b288]
Event: 28.898 Thread 0x00007fae040b7000 6721       1       sun.nio.cs.StreamEncoder::isOpen (5 bytes)
Event: 28.898 Thread 0x00007fae040b7000 nmethod 6721 0x00007fadf59c3e50 code [0x00007fadf59c3fa0, 0x00007fadf59c40b0]

GC Heap History (10 events):
Event: 9.875 GC heap after
Heap after GC invocations=8 (full 1):
 PSYoungGen      total 284160K, used 18532K [0x0000000791c00000, 0x00000007a4d00000, 0x00000007c0000000)
  eden space 265216K, 0% used [0x0000000791c00000,0x0000000791c00000,0x00000007a1f00000)
  from space 18944K, 97% used [0x00000007a3100000,0x00000007a43192e0,0x00000007a4380000)
  to   space 9728K, 0% used [0x00000007a4380000,0x00000007a4380000,0x00000007a4d00000)
 ParOldGen       total 102400K, used 28914K [0x0000000735400000, 0x000000073b800000, 0x0000000791c00000)
  object space 102400K, 28% used [0x0000000735400000,0x000000073703cbe8,0x000000073b800000)
 Metaspace       used 28234K, capacity 29148K, committed 29312K, reserved 1075200K
  class space    used 3198K, capacity 3420K, committed 3456K, reserved 1048576K
}
Event: 10.688 GC heap before
{Heap before GC invocations=9 (full 1):
 PSYoungGen      total 284160K, used 283748K [0x0000000791c00000, 0x00000007a4d00000, 0x00000007c0000000)
  eden space 265216K, 100% used [0x0000000791c00000,0x00000007a1f00000,0x00000007a1f00000)
  from space 18944K, 97% used [0x00000007a3100000,0x00000007a43192e0,0x00000007a4380000)
  to   space 9728K, 0% used [0x00000007a4380000,0x00000007a4380000,0x00000007a4d00000)
 ParOldGen       total 102400K, used 28914K [0x0000000735400000, 0x000000073b800000, 0x0000000791c00000)
  object space 102400K, 28% used [0x0000000735400000,0x000000073703cbe8,0x000000073b800000)
 Metaspace       used 28514K, capacity 29468K, committed 29696K, reserved 1075200K
  class space    used 3219K, capacity 3484K, committed 3584K, reserved 1048576K
Event: 10.723 GC heap after
Heap after GC invocations=9 (full 1):
 PSYoungGen      total 289280K, used 9705K [0x0000000791c00000, 0x00000007ab300000, 0x00000007c0000000)
  eden space 279552K, 0% used [0x0000000791c00000,0x0000000791c00000,0x00000007a2d00000)
  from space 9728K, 99% used [0x00000007a4380000,0x00000007a4cfa540,0x00000007a4d00000)
  to   space 23040K, 0% used [0x00000007a2d00000,0x00000007a2d00000,0x00000007a4380000)
 ParOldGen       total 102400K, used 33547K [0x0000000735400000, 0x000000073b800000, 0x0000000791c00000)
  object space 102400K, 32% used [0x0000000735400000,0x00000007374c2d40,0x000000073b800000)
 Metaspace       used 28514K, capacity 29468K, committed 29696K, reserved 1075200K
  class space    used 3219K, capacity 3484K, committed 3584K, reserved 1048576K
}
Event: 12.235 GC heap before
{Heap before GC invocations=10 (full 1):
 PSYoungGen      total 289280K, used 289257K [0x0000000791c00000, 0x00000007ab300000, 0x00000007c0000000)
  eden space 279552K, 100% used [0x0000000791c00000,0x00000007a2d00000,0x00000007a2d00000)
  from space 9728K, 99% used [0x00000007a4380000,0x00000007a4cfa540,0x00000007a4d00000)
  to   space 23040K, 0% used [0x00000007a2d00000,0x00000007a2d00000,0x00000007a4380000)
 ParOldGen       total 102400K, used 33547K [0x0000000735400000, 0x000000073b800000, 0x0000000791c00000)
  object space 102400K, 32% used [0x0000000735400000,0x00000007374c2fe0,0x000000073b800000)
 Metaspace       used 29261K, capacity 30132K, committed 30464K, reserved 1077248K
  class space    used 3281K, capacity 3526K, committed 3584K, reserved 1048576K
Event: 12.295 GC heap after
Heap after GC invocations=10 (full 1):
 PSYoungGen      total 302592K, used 23014K [0x0000000791c00000, 0x00000007ab180000, 0x00000007c0000000)
  eden space 279552K, 0% used [0x0000000791c00000,0x0000000791c00000,0x00000007a2d00000)
  from space 23040K, 99% used [0x00000007a2d00000,0x00000007a4379bf8,0x00000007a4380000)
  to   space 32256K, 0% used [0x00000007a9200000,0x00000007a9200000,0x00000007ab180000)
 ParOldGen       total 102400K, used 48905K [0x0000000735400000, 0x000000073b800000, 0x0000000791c00000)
  object space 102400K, 47% used [0x0000000735400000,0x00000007383c26b8,0x000000073b800000)
 Metaspace       used 29261K, capacity 30132K, committed 30464K, reserved 1077248K
  class space    used 3281K, capacity 3526K, committed 3584K, reserved 1048576K
}
Event: 17.476 GC heap before
{Heap before GC invocations=11 (full 1):
 PSYoungGen      total 302592K, used 302566K [0x0000000791c00000, 0x00000007ab180000, 0x00000007c0000000)
  eden space 279552K, 100% used [0x0000000791c00000,0x00000007a2d00000,0x00000007a2d00000)
  from space 23040K, 99% used [0x00000007a2d00000,0x00000007a4379bf8,0x00000007a4380000)
  to   space 32256K, 0% used [0x00000007a9200000,0x00000007a9200000,0x00000007ab180000)
 ParOldGen       total 102400K, used 48913K [0x0000000735400000, 0x000000073b800000, 0x0000000791c00000)
  object space 102400K, 47% used [0x0000000735400000,0x00000007383c4418,0x000000073b800000)
 Metaspace       used 29292K, capacity 30196K, committed 30464K, reserved 1077248K
  class space    used 3283K, capacity 3526K, committed 3584K, reserved 1048576K
Event: 17.591 GC heap after
Heap after GC invocations=11 (full 1):
 PSYoungGen      total 338432K, used 32230K [0x0000000791c00000, 0x00000007b0680000, 0x00000007c0000000)
  eden space 306176K, 0% used [0x0000000791c00000,0x0000000791c00000,0x00000007a4700000)
  from space 32256K, 99% used [0x00000007a9200000,0x00000007ab179890,0x00000007ab180000)
  to   space 76800K, 0% used [0x00000007a4700000,0x00000007a4700000,0x00000007a9200000)
 ParOldGen       total 156672K, used 156646K [0x0000000735400000, 0x000000073ed00000, 0x0000000791c00000)
  object space 156672K, 99% used [0x0000000735400000,0x000000073ecf9a50,0x000000073ed00000)
 Metaspace       used 29292K, capacity 30196K, committed 30464K, reserved 1077248K
  class space    used 3283K, capacity 3526K, committed 3584K, reserved 1048576K
}
Event: 17.591 GC heap before
{Heap before GC invocations=12 (full 2):
 PSYoungGen      total 338432K, used 32230K [0x0000000791c00000, 0x00000007b0680000, 0x00000007c0000000)
  eden space 306176K, 0% used [0x0000000791c00000,0x0000000791c00000,0x00000007a4700000)
  from space 32256K, 99% used [0x00000007a9200000,0x00000007ab179890,0x00000007ab180000)
  to   space 76800K, 0% used [0x00000007a4700000,0x00000007a4700000,0x00000007a9200000)
 ParOldGen       total 156672K, used 156646K [0x0000000735400000, 0x000000073ed00000, 0x0000000791c00000)
  object space 156672K, 99% used [0x0000000735400000,0x000000073ecf9a50,0x000000073ed00000)
 Metaspace       used 29292K, capacity 30196K, committed 30464K, reserved 1077248K
  class space    used 3283K, capacity 3526K, committed 3584K, reserved 1048576K
Event: 18.072 GC heap after
Heap after GC invocations=12 (full 2):
 PSYoungGen      total 338432K, used 16919K [0x0000000791c00000, 0x00000007b0680000, 0x00000007c0000000)
  eden space 306176K, 0% used [0x0000000791c00000,0x0000000791c00000,0x00000007a4700000)
  from space 32256K, 52% used [0x00000007a9200000,0x00000007aa285e90,0x00000007ab180000)
  to   space 76800K, 0% used [0x00000007a4700000,0x00000007a4700000,0x00000007a9200000)
 ParOldGen       total 301568K, used 156512K [0x0000000735400000, 0x0000000747a80000, 0x0000000791c00000)
  object space 301568K, 51% used [0x0000000735400000,0x000000073ecd8158,0x0000000747a80000)
 Metaspace       used 29277K, capacity 30178K, committed 30464K, reserved 1077248K
  class space    used 3281K, capacity 3524K, committed 3584K, reserved 1048576K
}
Event: 28.967 GC heap before
{Heap before GC invocations=13 (full 2):
 PSYoungGen      total 338432K, used 228753K [0x0000000791c00000, 0x00000007b0680000, 0x00000007c0000000)
  eden space 306176K, 69% used [0x0000000791c00000,0x000000079eade898,0x00000007a4700000)
  from space 32256K, 52% used [0x00000007a9200000,0x00000007aa285e90,0x00000007ab180000)
  to   space 76800K, 0% used [0x00000007a4700000,0x00000007a4700000,0x00000007a9200000)
 ParOldGen       total 301568K, used 156512K [0x0000000735400000, 0x0000000747a80000, 0x0000000791c00000)
  object space 301568K, 51% used [0x0000000735400000,0x000000073ecd8158,0x0000000747a80000)
 Metaspace       used 29360K, capacity 30242K, committed 30464K, reserved 1077248K
  class space    used 3285K, capacity 3524K, committed 3584K, reserved 1048576K

Deoptimization events (10 events):
Event: 21.913 Thread 0x00007fae04009800 Uncommon trap: reason=unstable_if action=reinterpret pc=0x00007fadf5526288 method=java.util.Calendar.setTimeInMillis(J)V @ 6
Event: 21.969 Thread 0x00007fae04009800 Uncommon trap: reason=unstable_if action=reinterpret pc=0x00007fadf60b52dc method=sun.util.calendar.BaseCalendar$Date.hit(J)Z @ 6
Event: 21.971 Thread 0x00007fae04009800 Uncommon trap: reason=unstable_if action=reinterpret pc=0x00007fadf5115bec method=sun.util.calendar.BaseCalendar$Date.hit(J)Z @ 6
Event: 22.261 Thread 0x00007fae04009800 Uncommon trap: reason=unstable_if action=reinterpret pc=0x00007fadf6101848 method=org.codehaus.plexus.archiver.commonscompress.utils.BoundedInputStream.read([BII)I @ 22
Event: 24.169 Thread 0x00007fae04009800 Uncommon trap: reason=unstable_if action=reinterpret pc=0x00007fadf6115140 method=java.util.concurrent.ConcurrentLinkedQueue$Itr.advance()Ljava/lang/Object; @ 51
Event: 24.170 Thread 0x00007fae04009800 Uncommon trap: reason=unstable_if action=reinterpret pc=0x00007fadf60d2474 method=java.util.concurrent.ConcurrentLinkedQueue$Itr.hasNext()Z @ 4
Event: 24.315 Thread 0x00007fae04009800 Uncommon trap: reason=unstable_if action=reinterpret pc=0x00007fadf611551c method=java.util.concurrent.ConcurrentLinkedQueue$Itr.advance()Ljava/lang/Object; @ 17
Event: 28.684 Thread 0x00007fae04009800 Uncommon trap: reason=unstable_if action=reinterpret pc=0x00007fadf61064a8 method=java.io.BufferedOutputStream.write([BII)V @ 6
Event: 28.707 Thread 0x00007fae04009800 Uncommon trap: reason=unstable_if action=reinterpret pc=0x00007fadf5d2a3a4 method=java.io.BufferedOutputStream.write([BII)V @ 6
Event: 28.898 Thread 0x00007fae04009800 Uncommon trap: reason=unstable_if action=reinterpret pc=0x00007fadf6114708 method=java.lang.Long.valueOf(J)Ljava/lang/Long; @ 13

Internal exceptions (10 events):
Event: 4.642 Thread 0x00007fae04009800 Exception <a 'java/lang/NoClassDefFoundError': org/slf4j/Logger> (0x000000079525d6a8) thrown at [/HUDSON3/workspace/8-2-build-linux-amd64/jdk8u101/7261/hotspot/src/share/vm/oops/constantPool.cpp, line 235]
Event: 4.890 Thread 0x00007fae04009800 Exception <a 'java/lang/NoClassDefFoundError': org/slf4j/Logger> (0x0000000796bf78d8) thrown at [/HUDSON3/workspace/8-2-build-linux-amd64/jdk8u101/7261/hotspot/src/share/vm/oops/constantPool.cpp, line 235]
Event: 7.498 Thread 0x00007fae04009800 Exception <a 'java/lang/NoClassDefFoundError': org/slf4j/Logger> (0x000000079287fae0) thrown at [/HUDSON3/workspace/8-2-build-linux-amd64/jdk8u101/7261/hotspot/src/share/vm/oops/constantPool.cpp, line 235]
Event: 7.566 Thread 0x00007fae04009800 Implicit null exception at 0x00007fadf52125f5 to 0x00007fadf521295d
Event: 9.216 Thread 0x00007fae04009800 Exception <a 'java/lang/NoClassDefFoundError': org/slf4j/Logger> (0x00000007954c9be8) thrown at [/HUDSON3/workspace/8-2-build-linux-amd64/jdk8u101/7261/hotspot/src/share/vm/oops/constantPool.cpp, line 235]
Event: 9.318 Thread 0x00007fae04009800 Implicit null exception at 0x00007fadf5dffdb5 to 0x00007fadf5e00079
Event: 10.469 Thread 0x00007fae04b86000 Implicit null exception at 0x00007fadf5aeb14f to 0x00007fadf5aeb22d
Event: 13.335 Thread 0x00007fae04009800 Implicit null exception at 0x00007fadf5fba55c to 0x00007fadf5fc099d
Event: 24.169 Thread 0x00007fae04009800 Implicit null exception at 0x00007fadf611507f to 0x00007fadf6115125
Event: 24.315 Thread 0x00007fae04009800 Implicit null exception at 0x00007fadf611546d to 0x00007fadf6115505

Events (10 events):
Event: 28.847 loading class org/apache/maven/project/artifact/AttachedArtifact
Event: 28.847 loading class org/apache/maven/project/artifact/AttachedArtifact done
Event: 28.859 Executing VM operation: Deoptimize
Event: 28.897 Executing VM operation: Deoptimize done
Event: 28.898 Thread 0x00007fae04009800 Uncommon trap: trap_request=0xffffff65 fr.pc=0x00007fadf6114708
Event: 28.898 Thread 0x00007fae04009800 DEOPT PACKING pc=0x00007fadf6114708 sp=0x00007fae0cd45950
Event: 28.898 Thread 0x00007fae04009800 DEOPT UNPACKING pc=0x00007fadf5004f69 sp=0x00007fae0cd45910 mode 2
Event: 28.899 Thread 0x00007fae040b7000 flushing nmethod 0x00007fadf52bd450
Event: 28.899 Thread 0x00007fae040b7000 flushing nmethod 0x00007fadf52cfc90
Event: 28.952 Executing VM operation: ParallelGCSystemGC


Dynamic libraries:
00400000-00401000 r-xp 00000000 08:02 4720284                            /opt/java/jdk1.8.0_101/bin/java
00600000-00601000 rw-p 00000000 08:02 4720284                            /opt/java/jdk1.8.0_101/bin/java
02497000-024b8000 rw-p 00000000 00:00 0                                  [heap]
735400000-747a80000 rw-p 00000000 00:00 0 
747a80000-791c00000 ---p 00000000 00:00 0 
791c00000-7b0680000 rw-p 00000000 00:00 0 
7b4880000-7c0000000 ---p 00000000 00:00 0 
7c0000000-7c0380000 rw-p 00000000 00:00 0 
7c0380000-800000000 ---p 00000000 00:00 0 
7fad8c000000-7fad8fffe000 rw-p 00000000 00:00 0 
7fad8fffe000-7fad90000000 ---p 00000000 00:00 0 
7fad90000000-7fad905b4000 rw-p 00000000 00:00 0 
7fad905b4000-7fad94000000 ---p 00000000 00:00 0 
7fad94000000-7fad9bffc000 rw-p 00000000 00:00 0 
7fad9bffc000-7fad9c000000 ---p 00000000 00:00 0 
7fad9c000000-7fad9fffa000 rw-p 00000000 00:00 0 
7fad9fffa000-7fada0000000 ---p 00000000 00:00 0 
7fada0000000-7fada3ffe000 rw-p 00000000 00:00 0 
7fada3ffe000-7fada4000000 ---p 00000000 00:00 0 
7fada4000000-7fada7ffe000 rw-p 00000000 00:00 0 
7fada7ffe000-7fada8000000 ---p 00000000 00:00 0 
7fada8000000-7fadac000000 rw-p 00000000 00:00 0 
7fadac000000-7fadafff9000 rw-p 00000000 00:00 0 
7fadafff9000-7fadb0000000 ---p 00000000 00:00 0 
7fadb0000000-7fadb3ffe000 rw-p 00000000 00:00 0 
7fadb3ffe000-7fadb4000000 ---p 00000000 00:00 0 
7fadb4000000-7fadb4046000 rw-p 00000000 00:00 0 
7fadb4046000-7fadb8000000 ---p 00000000 00:00 0 
7fadb8000000-7fadb8051000 rw-p 00000000 00:00 0 
7fadb8051000-7fadbc000000 ---p 00000000 00:00 0 
7fadbc000000-7fadbc021000 rw-p 00000000 00:00 0 
7fadbc021000-7fadc0000000 ---p 00000000 00:00 0 
7fadc0000000-7fadc0021000 rw-p 00000000 00:00 0 
7fadc0021000-7fadc4000000 ---p 00000000 00:00 0 
7fadc4000000-7fadc4021000 rw-p 00000000 00:00 0 
7fadc4021000-7fadc8000000 ---p 00000000 00:00 0 
7fadc8000000-7fadc8021000 rw-p 00000000 00:00 0 
7fadc8021000-7fadcc000000 ---p 00000000 00:00 0 
7fadcc000000-7fadcdc19000 rw-p 00000000 00:00 0 
7fadcdc19000-7fadd0000000 ---p 00000000 00:00 0 
7fadd0000000-7fadd0f73000 rw-p 00000000 00:00 0 
7fadd0f73000-7fadd4000000 ---p 00000000 00:00 0 
7fadd4000000-7fadd4021000 rw-p 00000000 00:00 0 
7fadd4021000-7fadd8000000 ---p 00000000 00:00 0 
7fadd8000000-7fadd8021000 rw-p 00000000 00:00 0 
7fadd8021000-7faddc000000 ---p 00000000 00:00 0 
7faddc000000-7faddc021000 rw-p 00000000 00:00 0 
7faddc021000-7fade0000000 ---p 00000000 00:00 0 
7fade11b1000-7fade11b2000 rw-p 00000000 00:00 0 
7fade11b2000-7fade11b7000 r--s 0299f000 08:02 3807154                    /home/hduser/eol/workspace/Scheduler/target/Scheduler-1.0-SNAPSHOT.war
7fade11b7000-7fade11c7000 r--s 00077000 08:02 4982069                    /home/hduser/.m2/repository/org/springframework/boot/spring-boot-actuator/1.5.2.RELEASE/spring-boot-actuator-1.5.2.RELEASE.jar
7fade11c7000-7fade11c8000 r--s 00000000 08:02 4982057                    /home/hduser/.m2/repository/org/springframework/boot/spring-boot-starter-actuator/1.5.2.RELEASE/spring-boot-starter-actuator-1.5.2.RELEASE.jar
7fade11c8000-7fade11d2000 r--s 000e9000 08:02 3806637                    /home/hduser/.m2/repository/mysql/mysql-connector-java/5.1.41/mysql-connector-java-5.1.41.jar
7fade11d2000-7fade11d5000 r--s 0000c000 08:02 5114857                    /home/hduser/.m2/repository/org/springframework/spring-aspects/4.3.7.RELEASE/spring-aspects-4.3.7.RELEASE.jar
7fade11d5000-7fade11df000 r--s 0006b000 08:02 5114851                    /home/hduser/.m2/repository/org/springframework/spring-orm/4.3.7.RELEASE/spring-orm-4.3.7.RELEASE.jar
7fade11df000-7fade11e6000 r--s 00040000 08:02 3410565                    /home/hduser/.m2/repository/org/springframework/data/spring-data-jpa/1.11.1.RELEASE/spring-data-jpa-1.11.1.RELEASE.jar
7fade11e6000-7fade11e8000 r--s 00006000 08:02 2889474                    /home/hduser/.m2/repository/javax/transaction/javax.transaction-api/1.2/javax.transaction-api-1.2.jar
7fade11e8000-7fade11f5000 r--s 00089000 08:02 5114839                    /home/hduser/.m2/repository/org/hibernate/hibernate-entitymanager/5.0.12.Final/hibernate-entitymanager-5.0.12.Final.jar
7fade11f5000-7fade11f8000 r--s 00010000 08:02 5244217                    /home/hduser/.m2/repository/org/hibernate/common/hibernate-commons-annotations/5.0.1.Final/hibernate-commons-annotations-5.0.1.Final.jar
7fade11f8000-7fade11fd000 r--s 00048000 08:02 2497386                    /home/hduser/.m2/repository/dom4j/dom4j/1.6.1/dom4j-1.6.1.jar
7fade11fd000-7fade1200000 r--s 0002b000 08:02 5244211                    /home/hduser/.m2/repository/org/jboss/jandex/2.0.0.Final/jandex-2.0.0.Final.jar
7fade1200000-7fade1205000 r--s 00068000 08:02 2634810                    /home/hduser/.m2/repository/antlr/antlr/2.7.7/antlr-2.7.7.jar
7fade1205000-7fade120f000 r--s 000aa000 08:02 4849666                    /home/hduser/.m2/repository/org/javassist/javassist/3.21.0-GA/javassist-3.21.0-GA.jar
7fade120f000-7fade1214000 r--s 00017000 08:02 5244218                    /home/hduser/.m2/repository/org/hibernate/javax/persistence/hibernate-jpa-2.1-api/1.0.0.Final/hibernate-jpa-2.1-api-1.0.0.Final.jar
7fade1214000-7fade127d000 r--s 004f3000 08:02 5114847                    /home/hduser/.m2/repository/org/hibernate/hibernate-core/5.0.12.Final/hibernate-core-5.0.12.Final.jar
7fade127d000-7fade1287000 r--s 0005f000 08:02 5114853                    /home/hduser/.m2/repository/org/springframework/spring-jdbc/4.3.7.RELEASE/spring-jdbc-4.3.7.RELEASE.jar
7fade1287000-7fade128a000 r--s 00020000 08:02 4980801                    /home/hduser/.m2/repository/org/apache/tomcat/tomcat-jdbc/8.5.11/tomcat-jdbc-8.5.11.jar
7fade128a000-7fade128b000 r--s 00000000 08:02 5114838                    /home/hduser/.m2/repository/org/springframework/boot/spring-boot-starter-jdbc/1.5.2.RELEASE/spring-boot-starter-jdbc-1.5.2.RELEASE.jar
7fade128b000-7fade12a4000 r--s 001af000 08:02 5114859                    /home/hduser/.m2/repository/org/aspectj/aspectjweaver/1.8.9/aspectjweaver-1.8.9.jar
7fade12a4000-7fade12a5000 r--s 00000000 08:02 5114840                    /home/hduser/.m2/repository/org/springframework/boot/spring-boot-starter-aop/1.5.2.RELEASE/spring-boot-starter-aop-1.5.2.RELEASE.jar
7fade12a5000-7fade12a6000 r--s 00000000 08:02 5114821                    /home/hduser/.m2/repository/org/springframework/boot/spring-boot-starter-data-jpa/1.5.2.RELEASE/spring-boot-starter-data-jpa-1.5.2.RELEASE.jar
7fade12a6000-7fade12a8000 r--s 00002000 08:02 5243086                    /home/hduser/.m2/repository/org/atteo/evo-inflector/1.2.1/evo-inflector-1.2.1.jar
7fade12a8000-7fade12a9000 r--s 00004000 08:02 5114856                    /home/hduser/.m2/repository/org/springframework/plugin/spring-plugin-core/1.2.0.RELEASE/spring-plugin-core-1.2.0.RELEASE.jar
7fade12a9000-7fade12bb000 r--s 000a9000 08:02 3287481                    /home/hduser/.m2/repository/org/springframework/data/spring-data-commons/1.13.1.RELEASE/spring-data-commons-1.13.1.RELEASE.jar
7fade12bb000-7fade12c0000 r--s 0002d000 08:02 5114855                    /home/hduser/.m2/repository/org/springframework/hateoas/spring-hateoas/0.23.0.RELEASE/spring-hateoas-0.23.0.RELEASE.jar
7fade12c0000-7fade12c8000 r--s 0003a000 08:02 5114843                    /home/hduser/.m2/repository/org/springframework/spring-tx/4.3.7.RELEASE/spring-tx-4.3.7.RELEASE.jar
7fade12c8000-7fade12cc000 r--s 0001c000 08:02 4980822                    /home/hduser/.m2/repository/org/springframework/data/spring-data-rest-core/2.6.1.RELEASE/spring-data-rest-core-2.6.1.RELEASE.jar
7fade12cc000-7fade12d3000 r--s 00045000 08:02 5114849                    /home/hduser/.m2/repository/org/springframework/data/spring-data-rest-webmvc/2.6.1.RELEASE/spring-data-rest-webmvc-2.6.1.RELEASE.jar
7fade12d3000-7fade12d4000 r--s 00000000 08:02 5114845                    /home/hduser/.m2/repository/org/springframework/boot/spring-boot-starter-data-rest/1.5.2.RELEASE/spring-boot-starter-data-rest-1.5.2.RELEASE.jar
7fade12d4000-7fade12e5000 r--s 000cf000 08:02 4982105                    /home/hduser/.m2/repository/org/springframework/spring-webmvc/4.3.7.RELEASE/spring-webmvc-4.3.7.RELEASE.jar
7fade12e5000-7fade12e8000 r--s 0000b000 08:02 4982099                    /home/hduser/.m2/repository/com/fasterxml/jackson/core/jackson-annotations/2.8.0/jackson-annotations-2.8.0.jar
7fade12e8000-7fade12fa000 r--s 0011d000 08:02 4982066                    /home/hduser/.m2/repository/com/fasterxml/jackson/core/jackson-databind/2.8.7/jackson-databind-2.8.7.jar
7fade12fa000-7fade12fc000 r--s 0000e000 08:02 4982095                    /home/hduser/.m2/repository/com/fasterxml/classmate/1.3.3/classmate-1.3.3.jar
7fade12fc000-7fade12fe000 r--s 0000f000 08:02 4982087                    /home/hduser/.m2/repository/org/jboss/logging/jboss-logging/3.3.0.Final/jboss-logging-3.3.0.Final.jar
7fade12fe000-7fade130f000 r--s 000a1000 08:02 4982086                    /home/hduser/.m2/repository/org/hibernate/hibernate-validator/5.3.4.Final/hibernate-validator-5.3.4.Final.jar
7fade130f000-7fade1310000 r--s 00000000 08:02 2101181                    /home/hduser/.m2/repository/org/springframework/boot/spring-boot-starter-web/1.5.2.RELEASE/spring-boot-starter-web-1.5.2.RELEASE.jar
7fade1310000-7fade1329000 r--s 0010b000 08:02 4326788                    /home/hduser/.m2/repository/org/apache/logging/log4j/log4j-core/2.6.2/log4j-core-2.6.2.jar
7fade1329000-7fade132d000 r--s 0002d000 08:02 4326786                    /home/hduser/.m2/repository/org/apache/logging/log4j/log4j-api/2.6.2/log4j-api-2.6.2.jar
7fade132d000-7fade1348000 r--s 00152000 08:02 5115096                    /home/hduser/.m2/repository/org/freemarker/freemarker/2.3.25-incubating/freemarker-2.3.25-incubating.jar
7fade1348000-7fade1355000 r--s 00083000 08:02 2889655                    /home/hduser/.m2/repository/commons-collections/commons-collections/3.2.2/commons-collections-3.2.2.jar
7fade1355000-7fade135a000 r--s 00038000 08:02 2635314                    /home/hduser/.m2/repository/commons-beanutils/commons-beanutils/1.9.3/commons-beanutils-1.9.3.jar
7fade135a000-7fade1361000 r--s 00040000 08:02 5640564                    /home/hduser/.m2/repository/cglib/cglib/2.2.2/cglib-2.2.2.jar
7fade1361000-7fade1367000 r--s 00035000 08:02 5640562                    /home/hduser/.m2/repository/org/apache/commons/commons-digester3/3.2/commons-digester3-3.2.jar
7fade1367000-7fade1369000 r--s 0000d000 08:02 2497976                    /home/hduser/.m2/repository/commons-logging/commons-logging/1.1.1/commons-logging-1.1.1.jar
7fade1369000-7fade136d000 r--s 0002f000 08:02 5640560                    /home/hduser/.m2/repository/commons-beanutils/commons-beanutils-core/1.8.3/commons-beanutils-core-1.8.3.jar
7fade136d000-7fade136e000 r--s 00005000 08:02 5640555                    /home/hduser/.m2/repository/org/gbif/name-parser/2.6/name-parser-2.6.jar
7fade136e000-7fade137f000 r--s 000b2000 08:02 5640558                    /home/hduser/.m2/repository/com/vividsolutions/jts/1.13/jts-1.13.jar
7fade137f000-7fade1383000 r--s 0000c000 08:02 4326743                    /home/hduser/.m2/repository/javax/validation/validation-api/1.1.0.Final/validation-api-1.1.0.Final.jar
7fade1383000-7fade138b000 r--s 00058000 08:02 5640553                    /home/hduser/.m2/repository/org/gbif/gbif-api/0.18/gbif-api-0.18.jar
7fade138b000-7fade1392000 r--s 00072000 08:02 2506723                    /home/hduser/.m2/repository/org/apache/tika/tika-core/1.5/tika-core-1.5.jar
7fade1392000-7fade13b0000 r--s 00180000 08:02 2364130                    /home/hduser/.m2/repository/org/apache/commons/commons-math3/3.2/commons-math3-3.2.jar
7fade13b0000-7fade13b3000 r--s 00006000 08:02 1975894                    /home/hduser/.m2/repository/com/google/code/findbugs/jsr305/3.0.0/jsr305-3.0.0.jar
7fade13b3000-7fade13b5000 r--s 00021000 08:02 5640551                    /home/hduser/.m2/repository/org/gbif/gbif-parsers/0.11/gbif-parsers-0.11.jar
7fade13b5000-7fade13b7000 r--s 00009000 08:02 3807043                    /home/hduser/.m2/repository/org/gbif/registry/registry-metadata/2.26/registry-metadata-2.26.jar
7fade13b7000-7fade13be000 r--s 00053000 08:02 2635312                    /home/hduser/.m2/repository/org/apache/commons/commons-compress/1.8.1/commons-compress-1.8.1.jar
7fade13be000-7fade13c5000 r--s 0005e000 08:02 2888791                    /home/hduser/.m2/repository/org/apache/commons/commons-lang3/3.3.2/commons-lang3-3.3.2.jar
7fade13c5000-7fade13c6000 r--s 0000b000 08:02 3678978                    /home/hduser/.m2/repository/org/gbif/gbif-common/0.17/gbif-common-0.17.jar
7fade13c6000-7fade13d5000 r--s 000b0000 08:02 3410899                    /home/hduser/.m2/repository/org/codehaus/jackson/jackson-mapper-asl/1.9.12/jackson-mapper-asl-1.9.12.jar
7fade13d5000-7fade13d9000 r--s 00035000 08:02 2889657                    /home/hduser/.m2/repository/org/codehaus/jackson/jackson-core-asl/1.9.12/jackson-core-asl-1.9.12.jar
7fade13d9000-7fade13db000 r--s 00008000 08:02 2755460                    /home/hduser/.m2/repository/org/gbif/dwc-api/1.12/dwc-api-1.12.jar
7fade13db000-7fade13dd000 r--s 00012000 08:02 2233099                    /home/hduser/.m2/repository/org/gbif/dwca-io/1.23/dwca-io-1.23.jar
7fade13dd000-7fade13e4000 r--s 0003f000 08:02 2364116                    /home/hduser/.m2/repository/commons-codec/commons-codec/1.10/commons-codec-1.10.jar
7fade13e4000-7fade13f1000 r--s 000aa000 08:02 2506169                    /home/hduser/.m2/repository/org/apache/httpcomponents/httpclient/4.5.3/httpclient-4.5.3.jar
7fade13f1000-7fade141a000 r--s 002bf000 08:02 5374863                    /home/hduser/.m2/repository/org/apache/tomcat/embed/tomcat-embed-core/8.5.14/tomcat-embed-core-8.5.14.jar
7fade141a000-7fade145a000 rw-p 00000000 00:00 0 
7fade145a000-7fade161d000 ---p 00000000 00:00 0 
7fade161d000-7fade171b000 rw-p 00000000 00:00 0 
7fade171b000-7fade171e000 ---p 00000000 00:00 0 
7fade171e000-7fade181c000 rw-p 00000000 00:00 0 
7fade181c000-7fade181f000 ---p 00000000 00:00 0 
7fade181f000-7fade191d000 rw-p 00000000 00:00 0                          [stack:37148]
7fade191d000-7fade1920000 ---p 00000000 00:00 0 
7fade1920000-7fade1a1e000 rw-p 00000000 00:00 0                          [stack:37147]
7fade1a1e000-7fade1a21000 ---p 00000000 00:00 0 
7fade1a21000-7fade1b1f000 rw-p 00000000 00:00 0                          [stack:37146]
7fade1b1f000-7fade1b22000 ---p 00000000 00:00 0 
7fade1b22000-7fade1c20000 rw-p 00000000 00:00 0                          [stack:37145]
7fade1c20000-7fade1c23000 ---p 00000000 00:00 0 
7fade1c23000-7fade1f21000 rw-p 00000000 00:00 0                          [stack:37144]
7fade1f21000-7fade2121000 rw-p 00000000 00:00 0 
7fade2121000-7fade2321000 rw-p 00000000 00:00 0 
7fade2321000-7fade2521000 rw-p 00000000 00:00 0 
7fade2521000-7fade2529000 r--s 00048000 08:02 2506167                    /home/hduser/.m2/repository/org/apache/httpcomponents/httpcore/4.4.6/httpcore-4.4.6.jar
7fade2529000-7fade253a000 r--s 000b7000 08:02 5375086                    /home/hduser/.m2/repository/org/springframework/spring-web/4.3.8.RELEASE/spring-web-4.3.8.RELEASE.jar
7fade253a000-7fade253e000 r--s 0002f000 08:02 2634874                    /home/hduser/.m2/repository/commons-io/commons-io/2.5/commons-io-2.5.jar
7fade253e000-7fade254d000 r--s 00084000 08:02 5375093                    /home/hduser/.m2/repository/org/springframework/spring-test/4.3.8.RELEASE/spring-test-4.3.8.RELEASE.jar
7fade254d000-7fade2550000 r--s 00042000 08:02 5375063                    /home/hduser/.m2/repository/com/fasterxml/jackson/core/jackson-core/2.8.8/jackson-core-2.8.8.jar
7fade2550000-7fade2556000 r--s 0003d000 08:02 4982064                    /home/hduser/.m2/repository/org/yaml/snakeyaml/1.17/snakeyaml-1.17.jar
7fade2556000-7fade2558000 r--s 00004000 08:02 4982083                    /home/hduser/.m2/repository/org/slf4j/log4j-over-slf4j/1.7.24/log4j-over-slf4j-1.7.24.jar
7fade2558000-7fade255a000 r--s 00000000 08:02 4982080                    /home/hduser/.m2/repository/org/slf4j/jul-to-slf4j/1.7.24/jul-to-slf4j-1.7.24.jar
7fade255a000-7fade255c000 r--s 00003000 08:02 4982058                    /home/hduser/.m2/repository/org/slf4j/jcl-over-slf4j/1.7.24/jcl-over-slf4j-1.7.24.jar
7fade255c000-7fade255e000 r--s 00009000 08:02 4982110                    /home/hduser/.m2/repository/org/slf4j/slf4j-api/1.7.24/slf4j-api-1.7.24.jar
7fade255e000-7fade2569000 r--s 0006a000 08:02 4982072                    /home/hduser/.m2/repository/ch/qos/logback/logback-core/1.1.11/logback-core-1.1.11.jar
7fade2569000-7fade2570000 r--s 00045000 08:02 4982071                    /home/hduser/.m2/repository/ch/qos/logback/logback-classic/1.1.11/logback-classic-1.1.11.jar
7fade2570000-7fade2571000 r--s 00000000 08:02 4982065                    /home/hduser/.m2/repository/org/springframework/boot/spring-boot-starter-logging/1.5.2.RELEASE/spring-boot-starter-logging-1.5.2.RELEASE.jar
7fade2571000-7fade2591000 r--s 000e0000 08:02 4982098                    /home/hduser/.m2/repository/org/springframework/boot/spring-boot-autoconfigure/1.5.2.RELEASE/spring-boot-autoconfigure-1.5.2.RELEASE.jar
7fade2591000-7fade2596000 r--s 0003c000 08:02 4982109                    /home/hduser/.m2/repository/org/springframework/spring-expression/4.3.7.RELEASE/spring-expression-4.3.7.RELEASE.jar
7fade2596000-7fade25a4000 r--s 000ad000 08:02 4982111                    /home/hduser/.m2/repository/org/springframework/spring-beans/4.3.7.RELEASE/spring-beans-4.3.7.RELEASE.jar
7fade25a4000-7fade25ad000 r--s 00054000 08:02 4982077                    /home/hduser/.m2/repository/org/springframework/spring-aop/4.3.7.RELEASE/spring-aop-4.3.7.RELEASE.jar
7fade25ad000-7fade25c7000 r--s 000fd000 08:02 4982104                    /home/hduser/.m2/repository/org/springframework/spring-context/4.3.7.RELEASE/spring-context-4.3.7.RELEASE.jar
7fade25c7000-7fade25d7000 r--s 00094000 08:02 4982063                    /home/hduser/.m2/repository/org/springframework/boot/spring-boot/1.5.2.RELEASE/spring-boot-1.5.2.RELEASE.jar
7fade25d7000-7fade25d8000 r--s 00000000 08:02 2889401                    /home/hduser/.m2/repository/org/springframework/boot/spring-boot-starter/1.5.2.RELEASE/spring-boot-starter-1.5.2.RELEASE.jar
7fade25d8000-7fade25de000 r--s 00033000 08:02 2634824                    /home/hduser/.m2/repository/commons-codec/commons-codec/1.6/commons-codec-1.6.jar
7fade25de000-7fade25e0000 r--s 00004000 08:02 5245983                    /home/hduser/.m2/repository/org/apache/maven/shared/maven-repository-builder/1.0/maven-repository-builder-1.0.jar
7fade25e0000-7fade25e4000 r--s 00038000 08:02 2363681                    /home/hduser/.m2/repository/org/codehaus/plexus/plexus-utils/3.0.21/plexus-utils-3.0.21.jar
7fade25e4000-7fade25e6000 r--s 00004000 08:02 2363305                    /home/hduser/.m2/repository/org/apache/maven/maven-archiver/2.5/maven-archiver-2.5.jar
7fade25e6000-7fade25e9000 r--s 00012000 08:02 3287852                    /home/hduser/.m2/repository/org/codehaus/plexus/plexus-io/2.6/plexus-io-2.6.jar
7fade25e9000-7fade25ed000 r--s 00025000 08:02 4982746                    /home/hduser/.m2/repository/org/apache/maven/shared/maven-shared-utils/0.6/maven-shared-utils-0.6.jar
7fade25ed000-7fade25ef000 r--s 00008000 08:02 4326071                    /home/hduser/.m2/repository/org/apache/maven/shared/maven-shared-io/1.1/maven-shared-io-1.1.jar
7fade25ef000-7fade25f1000 r--s 00006000 08:02 4326058                    /home/hduser/.m2/repository/org/apache/maven/shared/file-management/1.1/file-management-1.1.jar
7fade25f1000-7fade25f2000 r--s 0000b000 08:02 2364251                    /home/hduser/.m2/repository/org/iq80/snappy/snappy/0.3/snappy-0.3.jar
7fade25f2000-7fade25fa000 r--s 00056000 08:02 3287853                    /home/hduser/.m2/repository/org/codehaus/plexus/plexus-archiver/3.0.1/plexus-archiver-3.0.1.jar
7fade25fa000-7fade25fd000 r--s 00010000 08:02 2364250                    /home/hduser/.m2/repository/org/codehaus/plexus/plexus-interpolation/1.22/plexus-interpolation-1.22.jar
7fade25fd000-7fade2601000 r--s 00038000 08:02 2755141                    /home/hduser/.m2/repository/org/apache/maven/plugins/maven-assembly-plugin/2.6/maven-assembly-plugin-2.6.jar
7fade2601000-7fade262c000 r--s 001fc000 08:02 4982409                    /home/hduser/.m2/repository/com/google/guava/guava/18.0/guava-18.0.jar
7fade262c000-7fade262d000 r--s 00008000 08:02 2634816                    /home/hduser/.m2/repository/asm/asm-util/3.2/asm-util-3.2.jar
7fade262d000-7fade262e000 r--s 00004000 08:02 2755058                    /home/hduser/.m2/repository/asm/asm-analysis/3.2/asm-analysis-3.2.jar
7fade262e000-7fade2631000 r--s 00013000 08:02 2634876                    /home/hduser/.m2/repository/commons-io/commons-io/1.3.2/commons-io-1.3.2.jar
7fade2631000-7fade2632000 r--s 00002000 08:02 4982399                    /home/hduser/.m2/repository/org/vafer/jdependency/0.7/jdependency-0.7.jar
7fade2632000-7fade2635000 r--s 0000c000 08:02 2889406                    /home/hduser/.m2/repository/org/apache/maven/shared/maven-dependency-tree/2.1/maven-dependency-tree-2.1.jar
7fade2635000-7fade2638000 r--s 00023000 08:02 4982413                    /home/hduser/.m2/repository/org/jdom/jdom/1.1/jdom-1.1.jar
7fade2638000-7fade263a000 r--s 00004000 08:02 4982412                    /home/hduser/.m2/repository/asm/asm-tree/3.3.1/asm-tree-3.3.1.jar
7fade263a000-7fade263c000 r--s 00008000 08:02 4982410                    /home/hduser/.m2/repository/asm/asm-commons/3.3.1/asm-commons-3.3.1.jar
7fade263c000-7fade263d000 r--s 0000a000 08:02 4982407                    /home/hduser/.m2/repository/asm/asm/3.3.1/asm-3.3.1.jar
7fade263d000-7fade2648000 r--s 00069000 08:02 3806035                    /home/hduser/.m2/repository/org/sonatype/sisu/sisu-guice/2.1.7/sisu-guice-2.1.7-noaop.jar
7fade2648000-7fade264d000 r--s 00021000 08:02 3806036                    /home/hduser/.m2/repository/org/sonatype/sisu/sisu-inject-bean/1.4.2/sisu-inject-bean-1.4.2.jar
7fade264d000-7fade264f000 r--s 00017000 08:02 4982403                    /home/hduser/.m2/repository/org/apache/maven/plugins/maven-shade-plugin/2.2/maven-shade-plugin-2.2.jar
7fade264f000-7fade2651000 r--s 00001000 08:02 4982366                    /home/hduser/.m2/repository/org/sonatype/plexus/plexus-build-api/0.0.7/plexus-build-api-0.0.7.jar
7fade2651000-7fade2655000 r--s 0000f000 08:02 3806556                    /home/hduser/.m2/repository/org/codehaus/plexus/plexus-io/2.3.2/plexus-io-2.3.2.jar
7fade2655000-7fade2659000 r--s 0001f000 08:02 3806554                    /home/hduser/.m2/repository/org/codehaus/plexus/plexus-archiver/2.8.1/plexus-archiver-2.8.1.jar
7fade2659000-7fade265b000 r--s 00009000 08:02 3543631                    /home/hduser/.m2/repository/org/hamcrest/hamcrest-core/1.3/hamcrest-core-1.3.jar
7fade265b000-7fade2663000 r--s 00045000 08:02 3543629                    /home/hduser/.m2/repository/junit/junit/4.12/junit-4.12.jar
7fade2663000-7fade266c000 r--s 0006f000 08:02 2363405                    /home/hduser/.m2/repository/log4j/log4j/1.2.17/log4j-1.2.17.jar
7fade266c000-7fade266e000 r--s 00006000 08:02 4982371                    /home/hduser/.m2/repository/org/apache/maven/shared/maven-common-artifact-filters/1.4/maven-common-artifact-filters-1.4.jar
7fade266e000-7fade2674000 r--s 00042000 08:02 4982386                    /home/hduser/.m2/repository/org/eclipse/sisu/org.eclipse.sisu.inject/0.0.0.M5/org.eclipse.sisu.inject-0.0.0.M5.jar
7fade2674000-7fade2676000 r--s 00000000 08:02 4326662                    /home/hduser/.m2/repository/aopalliance/aopalliance/1.0/aopalliance-1.0.jar
7fade2676000-7fade267e000 r--s 00050000 08:02 4982384                    /home/hduser/.m2/repository/org/sonatype/sisu/sisu-guice/3.1.0/sisu-guice-3.1.0-no_aop.jar
7fade267e000-7fade267f000 r--s 00000000 08:02 3684442                    /home/hduser/.m2/repository/javax/inject/javax.inject/1/javax.inject-1.jar
7fade267f000-7fade2680000 r--s 00001000 08:02 4982383                    /home/hduser/.m2/repository/javax/annotation/jsr250-api/1.0/jsr250-api-1.0.jar
7fade2680000-7fade2683000 r--s 00008000 08:02 4982381                    /home/hduser/.m2/repository/javax/enterprise/cdi-api/1.0/cdi-api-1.0.jar
7fade2683000-7fade2689000 r--s 0002a000 08:02 2497967                    /home/hduser/.m2/repository/org/eclipse/sisu/org.eclipse.sisu.plexus/0.0.0.M5/org.eclipse.sisu.plexus-0.0.0.M5.jar
7fade2689000-7fade268d000 r--s 00020000 08:02 4982378                    /home/hduser/.m2/repository/org/eclipse/aether/aether-util/1.0.2.v20150114/aether-util-1.0.2.v20150114.jar
7fade268d000-7fade2692000 r--s 0001d000 08:02 4982376                    /home/hduser/.m2/repository/org/eclipse/aether/aether-api/1.0.2.v20150114/aether-api-1.0.2.v20150114.jar
7fade2692000-7fade2696000 r--s 00027000 08:02 4982375                    /home/hduser/.m2/repository/org/eclipse/aether/aether-impl/1.0.2.v20150114/aether-impl-1.0.2.v20150114.jar
7fade2696000-7fade2698000 r--s 00006000 08:02 4982372                    /home/hduser/.m2/repository/org/eclipse/aether/aether-spi/1.0.2.v20150114/aether-spi-1.0.2.v20150114.jar
7fade2698000-7fade269a000 r--s 0000e000 08:02 2232786                    /home/hduser/.m2/repository/commons-logging/commons-logging/1.2/commons-logging-1.2.jar
7fade269a000-7fade26b1000 r--s 000fb000 08:02 4982133                    /home/hduser/.m2/repository/org/springframework/spring-core/4.3.7.RELEASE/spring-core-4.3.7.RELEASE.jar
7fade26b1000-7fade26b4000 r--s 00022000 08:02 4982363                    /home/hduser/.m2/repository/org/springframework/boot/spring-boot-loader-tools/1.5.2.RELEASE/spring-boot-loader-tools-1.5.2.RELEASE.jar
7fade26b4000-7fade26b6000 r--s 0000e000 08:02 4982143                    /home/hduser/.m2/repository/org/springframework/boot/spring-boot-maven-plugin/1.5.2.RELEASE/spring-boot-maven-plugin-1.5.2.RELEASE.jar
7fade26b6000-7fade26b7000 r--s 00002000 08:02 3543890                    /home/hduser/.m2/repository/org/apache/maven/shared/maven-mapping/1.0/maven-mapping-1.0.jar
7fade26b7000-7fade26b9000 r--s 0000b000 08:02 3543889                    /home/hduser/.m2/repository/org/apache/maven/shared/maven-filtering/1.3/maven-filtering-1.3.jar
7fade26b9000-7fade26bd000 r--s 00038000 08:02 3806513                    /home/hduser/.m2/repository/org/codehaus/plexus/plexus-utils/3.0.20/plexus-utils-3.0.20.jar
7fade26bd000-7fade26bf000 r--s 00005000 08:02 3410464                    /home/hduser/.m2/repository/xpp3/xpp3_min/1.1.4c/xpp3_min-1.1.4c.jar
7fade26bf000-7fade26cc000 r--s 0006a000 08:02 3149607                    /home/hduser/.m2/repository/com/thoughtworks/xstream/xstream/1.4.4/xstream-1.4.4.jar
7fade26cc000-7fade26cf000 r--s 0000d000 08:02 4851247                    /home/hduser/.m2/repository/org/codehaus/plexus/plexus-interpolation/1.21/plexus-interpolation-1.21.jar
7fade26cf000-7fade28cf000 rw-p 00000000 00:00 0 
7fade28cf000-7fade2948000 r--s 010e5000 08:02 4719848                    /opt/java/jdk1.8.0_101/lib/tools.jar
7fade2948000-7fade2b48000 rw-p 00000000 00:00 0 
7fade2b48000-7fade2d48000 rw-p 00000000 00:00 0 
7fade2d48000-7fade2d59000 r-xp 00000000 08:02 4720113                    /opt/java/jdk1.8.0_101/jre/lib/amd64/libnio.so
7fade2d59000-7fade2f58000 ---p 00011000 08:02 4720113                    /opt/java/jdk1.8.0_101/jre/lib/amd64/libnio.so
7fade2f58000-7fade2f59000 rw-p 00010000 08:02 4720113                    /opt/java/jdk1.8.0_101/jre/lib/amd64/libnio.so
7fade2f59000-7fade325a000 rw-p 00000000 00:00 0 
7fade325a000-7fade3270000 r-xp 00000000 08:02 4720131                    /opt/java/jdk1.8.0_101/jre/lib/amd64/libnet.so
7fade3270000-7fade3470000 ---p 00016000 08:02 4720131                    /opt/java/jdk1.8.0_101/jre/lib/amd64/libnet.so
7fade3470000-7fade3471000 rw-p 00016000 08:02 4720131                    /opt/java/jdk1.8.0_101/jre/lib/amd64/libnet.so
7fade3471000-7fade3671000 rw-p 00000000 00:00 0 
7fade3671000-7fade3871000 rw-p 00000000 00:00 0 
7fade3871000-7fade3872000 ---p 00000000 00:00 0 
7fade3872000-7fade3972000 rw-p 00000000 00:00 0                          [stack:37143]
7fade3972000-7fade3975000 ---p 00000000 00:00 0 
7fade3975000-7fade3a73000 rw-p 00000000 00:00 0                          [stack:37142]
7fade3a73000-7fade3a76000 ---p 00000000 00:00 0 
7fade3a76000-7fade3b74000 rw-p 00000000 00:00 0                          [stack:37141]
7fade3b74000-7fade3b77000 ---p 00000000 00:00 0 
7fade3b77000-7fade3c75000 rw-p 00000000 00:00 0                          [stack:37140]
7fade3c75000-7fade3c78000 ---p 00000000 00:00 0 
7fade3c78000-7fade3d76000 rw-p 00000000 00:00 0                          [stack:37139]
7fade3d76000-7fade3eff000 r--p 00000000 08:02 7340970                    /usr/lib/locale/locale-archive
7fade3eff000-7fade3f02000 ---p 00000000 00:00 0 
7fade3f02000-7fade4000000 rw-p 00000000 00:00 0                          [stack:37138]
7fade4000000-7fade4021000 rw-p 00000000 00:00 0 
7fade4021000-7fade8000000 ---p 00000000 00:00 0 
7fade8000000-7fade828d000 rw-p 00000000 00:00 0 
7fade828d000-7fadec000000 ---p 00000000 00:00 0 
7fadec000000-7fadec021000 rw-p 00000000 00:00 0 
7fadec021000-7fadf0000000 ---p 00000000 00:00 0 
7fadf0000000-7fadf0001000 r--s 00001000 08:02 3410462                    /home/hduser/.m2/repository/xmlpull/xmlpull/1.1.3.1/xmlpull-1.1.3.1.jar
7fadf0001000-7fadf0008000 r--s 00056000 08:02 4851203                    /home/hduser/.m2/repository/org/apache/commons/commons-compress/1.9/commons-compress-1.9.jar
7fadf0008000-7fadf000c000 r--s 00020000 08:02 4851201                    /home/hduser/.m2/repository/org/codehaus/plexus/plexus-archiver/2.9/plexus-archiver-2.9.jar
7fadf000c000-7fadf0010000 r--s 00027000 08:02 2232707                    /home/hduser/.m2/repository/commons-io/commons-io/2.2/commons-io-2.2.jar
7fadf0010000-7fadf0014000 r--s 00011000 08:02 3543888                    /home/hduser/.m2/repository/org/codehaus/plexus/plexus-io/2.4.1/plexus-io-2.4.1.jar
7fadf0014000-7fadf0015000 r--s 00005000 08:02 3806511                    /home/hduser/.m2/repository/org/apache/maven/maven-archiver/2.6/maven-archiver-2.6.jar
7fadf0015000-7fadf0017000 r--s 00009000 08:02 2231850                    /home/hduser/.m2/repository/commons-cli/commons-cli/1.2/commons-cli-1.2.jar
7fadf0017000-7fadf0018000 r--s 00002000 08:02 3287373                    /home/hduser/.m2/repository/org/apache/maven/doxia/doxia-logging-api/1.1/doxia-logging-api-1.1.jar
7fadf0018000-7fadf001a000 r--s 00002000 08:02 3287372                    /home/hduser/.m2/repository/org/apache/maven/doxia/doxia-sink-api/1.1/doxia-sink-api-1.1.jar
7fadf001a000-7fadf001b000 r--s 00002000 08:02 3287367                    /home/hduser/.m2/repository/org/apache/maven/reporting/maven-reporting-api/2.2.1/maven-reporting-api-2.2.1.jar
7fadf001b000-7fadf001d000 r--s 00014000 08:02 5113951                    /home/hduser/.m2/repository/org/apache/maven/plugins/maven-war-plugin/2.6/maven-war-plugin-2.6.jar
7fadf001d000-7fadf001f000 r--s 00002000 08:02 4981237                    /home/hduser/.m2/repository/org/apache/maven/plugin-tools/maven-plugin-annotations/3.3/maven-plugin-annotations-3.3.jar
7fadf001f000-7fadf0024000 r--s 00020000 08:02 4981233                    /home/hduser/.m2/repository/org/apache/maven/surefire/surefire-api/2.18.1/surefire-api-2.18.1.jar
7fadf0024000-7fadf002a000 r--s 00048000 08:02 2889386                    /home/hduser/.m2/repository/org/apache/commons/commons-lang3/3.1/commons-lang3-3.1.jar
7fadf002a000-7fadf002c000 r--s 00002000 08:02 3410062                    /home/hduser/.m2/repository/org/sonatype/plexus/plexus-cipher/1.4/plexus-cipher-1.4.jar
7fadf002c000-7fadf002d000 r--s 00006000 08:02 3410060                    /home/hduser/.m2/repository/org/sonatype/plexus/plexus-sec-dispatcher/1.3/plexus-sec-dispatcher-1.3.jar
7fadf002d000-7fadf002e000 r--s 00002000 08:02 2888764                    /home/hduser/.m2/repository/org/apache/maven/reporting/maven-reporting-api/3.0/maven-reporting-api-3.0.jar
7fadf002e000-7fadf0030000 r--s 00003000 08:02 3287363                    /home/hduser/.m2/repository/org/slf4j/jcl-over-slf4j/1.5.6/jcl-over-slf4j-1.5.6.jar
7fadf0030000-7fadf0032000 r--s 00004000 08:02 3287361                    /home/hduser/.m2/repository/org/slf4j/slf4j-api/1.5.6/slf4j-api-1.5.6.jar
7fadf0032000-7fadf0034000 r--s 00001000 08:02 3287365                    /home/hduser/.m2/repository/org/slf4j/slf4j-jdk14/1.5.6/slf4j-jdk14-1.5.6.jar
7fadf0034000-7fadf0036000 r--s 0000b000 08:02 3149331                    /home/hduser/.m2/repository/org/codehaus/plexus/plexus-interpolation/1.11/plexus-interpolation-1.11.jar
7fadf0036000-7fadf003e000 r--s 00049000 08:02 3287381                    /home/hduser/.m2/repository/backport-util-concurrent/backport-util-concurrent/3.1/backport-util-concurrent-3.1.jar
7fadf003e000-7fadf0042000 r--s 00034000 08:02 4197377                    /home/hduser/.m2/repository/org/codehaus/plexus/plexus-utils/1.5.15/plexus-utils-1.5.15.jar
7fadf0042000-7fadf0044000 r--s 00008000 08:02 4981231                    /home/hduser/.m2/repository/org/apache/maven/surefire/surefire-booter/2.18.1/surefire-booter-2.18.1.jar
7fadf0044000-7fadf004a000 r--s 0003e000 08:02 4851219                    /home/hduser/.m2/repository/org/apache/maven/surefire/maven-surefire-common/2.18.1/maven-surefire-common-2.18.1.jar
7fadf004a000-7fadf004c000 r--s 00008000 08:02 4851213                    /home/hduser/.m2/repository/org/apache/maven/plugins/maven-surefire-plugin/2.18.1/maven-surefire-plugin-2.18.1.jar
7fadf004c000-7fadf004f000 r--s 0001b000 08:02 3543616                    /home/hduser/.m2/repository/junit/junit/3.8.2/junit-3.8.2.jar
7fadf004f000-7fadf005d000 r--s 0008f000 08:02 4981544                    /home/hduser/.m2/repository/com/google/collections/google-collections/1.0/google-collections-1.0.jar
7fadf005d000-7fadf005e000 r--s 0000a000 08:02 4981543                    /home/hduser/.m2/repository/commons-logging/commons-logging-api/1.1/commons-logging-api-1.1.jar
7fadf005e000-7fadf0065000 r--s 00051000 08:02 2497722                    /home/hduser/.m2/repository/log4j/log4j/1.2.12/log4j-1.2.12.jar
7fadf0065000-7fadf0069000 r--s 0001d000 08:02 4981540                    /home/hduser/.m2/repository/org/apache/xbean/xbean-reflect/3.4/xbean-reflect-3.4.jar
7fadf0069000-7fadf006a000 r--s 00004000 08:02 4981537                    /home/hduser/.m2/repository/org/codehaus/plexus/plexus-compiler-javac/2.2/plexus-compiler-javac-2.2.jar
7fadf006a000-7fadf006c000 r--s 00000000 08:02 4981535                    /home/hduser/.m2/repository/org/codehaus/plexus/plexus-compiler-manager/2.2/plexus-compiler-manager-2.2.jar
7fadf006c000-7fadf006e000 r--s 00005000 08:02 4981536                    /home/hduser/.m2/repository/org/codehaus/plexus/plexus-compiler-api/2.2/plexus-compiler-api-2.2.jar
7fadf006e000-7fadf0070000 r--s 00000000 08:02 3287111                    /home/hduser/.m2/repository/org/codehaus/plexus/plexus-component-annotations/1.5.5/plexus-component-annotations-1.5.5.jar
7fadf0070000-7fadf0072000 r--s 00002000 08:02 4981533                    /home/hduser/.m2/repository/org/apache/maven/shared/maven-shared-incremental/1.1/maven-shared-incremental-1.1.jar
7fadf0072000-7fadf0075000 r--s 00023000 08:02 4981532                    /home/hduser/.m2/repository/org/apache/maven/shared/maven-shared-utils/0.1/maven-shared-utils-0.1.jar
7fadf0075000-7fadf0079000 r--s 00030000 08:02 2497720                    /home/hduser/.m2/repository/org/codehaus/plexus/plexus-utils/1.5.1/plexus-utils-1.5.1.jar
7fadf0079000-7fadf007b000 r--s 00009000 08:02 2497717                    /home/hduser/.m2/repository/org/apache/maven/plugins/maven-compiler-plugin/3.1/maven-compiler-plugin-3.1.jar
7fadf007b000-7fadf007d000 r--s 0000d000 08:02 4981470                    /home/hduser/.m2/repository/org/codehaus/plexus/plexus-interpolation/1.13/plexus-interpolation-1.13.jar
7fadf007d000-7fadf007e000 r--s 00001000 08:02 1975522                    /home/hduser/.m2/repository/org/sonatype/plexus/plexus-build-api/0.0.4/plexus-build-api-0.0.4.jar
7fadf007e000-7fadf0080000 r--s 00009000 08:02 2363724                    /home/hduser/.m2/repository/org/apache/maven/shared/maven-filtering/1.1/maven-filtering-1.1.jar
7fadf0080000-7fadf0084000 r--s 00033000 08:02 3684429                    /home/hduser/.m2/repository/org/codehaus/plexus/plexus-utils/2.0.5/plexus-utils-2.0.5.jar
7fadf0084000-7fadf0087000 r--s 0001b000 08:02 2231820                    /home/hduser/.m2/repository/junit/junit/3.8.1/junit-3.8.1.jar
7fadf0087000-7fadf0089000 r--s 00002000 08:02 2363253                    /home/hduser/.m2/repository/org/codehaus/plexus/plexus-interactivity-api/1.0-alpha-4/plexus-interactivity-api-1.0-alpha-4.jar
7fadf0089000-7fadf008b000 r--s 00006000 08:02 2363244                    /home/hduser/.m2/repository/commons-cli/commons-cli/1.0/commons-cli-1.0.jar
7fadf008b000-7fadf008c000 r--s 00001000 08:02 2363237                    /home/hduser/.m2/repository/org/apache/maven/doxia/doxia-sink-api/1.0-alpha-7/doxia-sink-api-1.0-alpha-7.jar
7fadf008c000-7fadf008d000 r--s 00002000 08:02 2363246                    /home/hduser/.m2/repository/org/apache/maven/reporting/maven-reporting-api/2.0.6/maven-reporting-api-2.0.6.jar
7fadf008d000-7fadf008f000 r--s 00006000 08:02 2232774                    /home/hduser/.m2/repository/org/apache/maven/plugins/maven-resources-plugin/2.6/maven-resources-plugin-2.6.jar
7fadf008f000-7fadf0092000 r--s 00027000 08:02 4326905                    /home/hduser/.m2/repository/org/codehaus/plexus/plexus-utils/1.1/plexus-utils-1.1.jar
7fadf0092000-7fadf0096000 r--s 00026000 08:02 3806467                    /home/hduser/.m2/repository/org/apache/maven/shared/maven-shared-utils/0.7/maven-shared-utils-0.7.jar
7fadf0096000-7fadf0099000 ---p 00000000 00:00 0 
7fadf0099000-7fadf0197000 rw-p 00000000 00:00 0                          [stack:37137]
7fadf0197000-7fadf0198000 ---p 00000000 00:00 0 
7fadf0198000-7fadf5000000 rw-p 00000000 00:00 0                          [stack:37136]
7fadf5000000-7fadf6130000 rwxp 00000000 00:00 0 
7fadf6130000-7fae04000000 ---p 00000000 00:00 0 
7fae04000000-7fae07ffd000 rw-p 00000000 00:00 0 
7fae07ffd000-7fae08000000 ---p 00000000 00:00 0 
7fae08000000-7fae08002000 r--s 00006000 08:02 1975483                    /home/hduser/.m2/repository/com/google/code/findbugs/jsr305/2.0.1/jsr305-2.0.1.jar
7fae08002000-7fae08004000 r--s 00006000 08:02 3543606                    /home/hduser/.m2/repository/org/apache/maven/plugins/maven-clean-plugin/2.6.1/maven-clean-plugin-2.6.1.jar
7fae08004000-7fae08008000 r--s 00097000 08:02 4719941                    /opt/java/jdk1.8.0_101/jre/lib/jsse.jar
7fae08008000-7fae08009000 r--s 00006000 08:02 263069                     /usr/share/java/plexus-sec-dispatcher.jar
7fae08009000-7fae0800b000 r--s 00007000 08:02 262932                     /usr/share/java/commons-cli-1.2.jar
7fae0800b000-7fae08039000 r--s 001d5000 08:02 272773                     /usr/share/java/wagon-http-shaded-2.x.jar
7fae08039000-7fae0803b000 r--s 00025000 08:02 272807                     /usr/share/java/maven3-model-3.0.5.jar
7fae0803b000-7fae0803d000 r--s 0000e000 08:02 262962                     /usr/share/java/plexus-interpolation.jar
7fae0803d000-7fae08041000 r--s 00020000 08:02 272799                     /usr/share/java/maven3-model-builder-3.0.5.jar
7fae08041000-7fae08043000 r--s 00006000 08:02 1311621                    /usr/share/maven-repo/org/sonatype/aether/aether-connector-wagon/1.13.1/aether-connector-wagon-1.13.1.jar
7fae08043000-7fae0804a000 r--s 0003b000 08:02 262950                     /usr/share/java/commons-codec-1.9.jar
7fae0804a000-7fae0804f000 r--s 00044000 08:02 263071                     /usr/share/java/commons-httpclient-3.1.jar
7fae0804f000-7fae0805c000 r--s 0008f000 08:02 265490                     /usr/share/java/sisu-guice.jar
7fae0805c000-7fae0805d000 r--s 00003000 08:02 1311603                    /usr/share/maven-repo/org/sonatype/aether/aether-spi/1.13.1/aether-spi-1.13.1.jar
7fae0805d000-7fae0805f000 r--s 00002000 08:02 263067                     /usr/share/java/plexus-cipher.jar
7fae0805f000-7fae08061000 r--s 0000b000 08:02 272805                     /usr/share/java/maven3-aether-provider-3.0.5.jar
7fae08061000-7fae08067000 r--s 0002c000 08:02 272653                     /usr/share/java/sisu-inject-plexus.jar
7fae08067000-7fae08069000 r--s 00000000 08:02 265210                     /usr/share/java/plexus-component-annotations-1.5-1.5.5.jar
7fae08069000-7fae08094000 r--s 001f8000 08:02 262940                     /usr/share/java/guava.jar
7fae08094000-7fae0809b000 r--s 00040000 08:02 272662                     /usr/share/java/sisu-inject-bean.jar
7fae0809b000-7fae0809d000 r--s 00005000 08:02 272806                     /usr/share/java/maven3-repository-metadata-3.0.5.jar
7fae0809d000-7fae0809f000 r--s 00009000 08:02 272804                     /usr/share/java/maven3-settings-3.0.5.jar
7fae0809f000-7fae080a1000 r--s 00008000 08:02 272803                     /usr/share/java/maven3-embedder-3.0.5.jar
7fae080a1000-7fae080a3000 r--s 0000a000 08:02 272780                     /usr/share/java/wagon-provider-api-2.x.jar
7fae080a3000-7fae080a5000 r--s 0000a000 08:02 272802                     /usr/share/java/maven3-artifact-3.0.5.jar
7fae080a5000-7fae080a8000 r--s 0001d000 08:02 1311634                    /usr/share/maven-repo/org/sonatype/aether/aether-impl/1.13.1/aether-impl-1.13.1.jar
7fae080a8000-7fae080ae000 r--s 0003e000 08:02 272798                     /usr/share/java/maven3-compat-3.0.5.jar
7fae080ae000-7fae08240000 rw-p 00000000 00:00 0 
7fae08240000-7fae08419000 r--s 03d29000 08:02 4719933                    /opt/java/jdk1.8.0_101/jre/lib/rt.jar
7fae08419000-7fae090e5000 rw-p 00000000 00:00 0 
7fae090e5000-7fae090e6000 ---p 00000000 00:00 0 
7fae090e6000-7fae091e6000 rw-p 00000000 00:00 0                          [stack:37135]
7fae091e6000-7fae091e7000 ---p 00000000 00:00 0 
7fae091e7000-7fae0937b000 rw-p 00000000 00:00 0                          [stack:37134]
7fae0937b000-7fae095cb000 ---p 00000000 00:00 0 
7fae095cb000-7fae0965f000 rw-p 00000000 00:00 0 
7fae0965f000-7fae098af000 ---p 00000000 00:00 0 
7fae098af000-7fae099a5000 rw-p 00000000 00:00 0 
7fae099a5000-7fae09a21000 ---p 00000000 00:00 0 
7fae09a21000-7fae09a67000 rw-p 00000000 00:00 0 
7fae09a67000-7fae09de2000 ---p 00000000 00:00 0 
7fae09de2000-7fae09dfc000 r-xp 00000000 08:02 4720120                    /opt/java/jdk1.8.0_101/jre/lib/amd64/libzip.so
7fae09dfc000-7fae09ffc000 ---p 0001a000 08:02 4720120                    /opt/java/jdk1.8.0_101/jre/lib/amd64/libzip.so
7fae09ffc000-7fae09ffd000 rw-p 0001a000 08:02 4720120                    /opt/java/jdk1.8.0_101/jre/lib/amd64/libzip.so
7fae09ffd000-7fae0a008000 r-xp 00000000 08:02 1703958                    /lib/x86_64-linux-gnu/libnss_files-2.19.so
7fae0a008000-7fae0a207000 ---p 0000b000 08:02 1703958                    /lib/x86_64-linux-gnu/libnss_files-2.19.so
7fae0a207000-7fae0a208000 r--p 0000a000 08:02 1703958                    /lib/x86_64-linux-gnu/libnss_files-2.19.so
7fae0a208000-7fae0a209000 rw-p 0000b000 08:02 1703958                    /lib/x86_64-linux-gnu/libnss_files-2.19.so
7fae0a209000-7fae0a213000 r-xp 00000000 08:02 1703962                    /lib/x86_64-linux-gnu/libnss_nis-2.19.so
7fae0a213000-7fae0a412000 ---p 0000a000 08:02 1703962                    /lib/x86_64-linux-gnu/libnss_nis-2.19.so
7fae0a412000-7fae0a413000 r--p 00009000 08:02 1703962                    /lib/x86_64-linux-gnu/libnss_nis-2.19.so
7fae0a413000-7fae0a414000 rw-p 0000a000 08:02 1703962                    /lib/x86_64-linux-gnu/libnss_nis-2.19.so
7fae0a414000-7fae0a429000 r-xp 00000000 08:02 1703953                    /lib/x86_64-linux-gnu/libnsl-2.19.so
7fae0a429000-7fae0a628000 ---p 00015000 08:02 1703953                    /lib/x86_64-linux-gnu/libnsl-2.19.so
7fae0a628000-7fae0a629000 r--p 00014000 08:02 1703953                    /lib/x86_64-linux-gnu/libnsl-2.19.so
7fae0a629000-7fae0a62a000 rw-p 00015000 08:02 1703953                    /lib/x86_64-linux-gnu/libnsl-2.19.so
7fae0a62a000-7fae0a62c000 rw-p 00000000 00:00 0 
7fae0a62c000-7fae0a633000 r-xp 00000000 08:02 1703955                    /lib/x86_64-linux-gnu/libnss_compat-2.19.so
7fae0a633000-7fae0a832000 ---p 00007000 08:02 1703955                    /lib/x86_64-linux-gnu/libnss_compat-2.19.so
7fae0a832000-7fae0a833000 r--p 00006000 08:02 1703955                    /lib/x86_64-linux-gnu/libnss_compat-2.19.so
7fae0a833000-7fae0a834000 rw-p 00007000 08:02 1703955                    /lib/x86_64-linux-gnu/libnss_compat-2.19.so
7fae0a834000-7fae0a85e000 r-xp 00000000 08:02 4720104                    /opt/java/jdk1.8.0_101/jre/lib/amd64/libjava.so
7fae0a85e000-7fae0aa5e000 ---p 0002a000 08:02 4720104                    /opt/java/jdk1.8.0_101/jre/lib/amd64/libjava.so
7fae0aa5e000-7fae0aa60000 rw-p 0002a000 08:02 4720104                    /opt/java/jdk1.8.0_101/jre/lib/amd64/libjava.so
7fae0aa60000-7fae0aa6d000 r-xp 00000000 08:02 4720118                    /opt/java/jdk1.8.0_101/jre/lib/amd64/libverify.so
7fae0aa6d000-7fae0ac6d000 ---p 0000d000 08:02 4720118                    /opt/java/jdk1.8.0_101/jre/lib/amd64/libverify.so
7fae0ac6d000-7fae0ac6f000 rw-p 0000d000 08:02 4720118                    /opt/java/jdk1.8.0_101/jre/lib/amd64/libverify.so
7fae0ac6f000-7fae0ac76000 r-xp 00000000 08:02 1703966                    /lib/x86_64-linux-gnu/librt-2.19.so
7fae0ac76000-7fae0ae75000 ---p 00007000 08:02 1703966                    /lib/x86_64-linux-gnu/librt-2.19.so
7fae0ae75000-7fae0ae76000 r--p 00006000 08:02 1703966                    /lib/x86_64-linux-gnu/librt-2.19.so
7fae0ae76000-7fae0ae77000 rw-p 00007000 08:02 1703966                    /lib/x86_64-linux-gnu/librt-2.19.so
7fae0ae77000-7fae0af77000 r-xp 00000000 08:02 1703949                    /lib/x86_64-linux-gnu/libm-2.19.so
7fae0af77000-7fae0b176000 ---p 00100000 08:02 1703949                    /lib/x86_64-linux-gnu/libm-2.19.so
7fae0b176000-7fae0b177000 r--p 000ff000 08:02 1703949                    /lib/x86_64-linux-gnu/libm-2.19.so
7fae0b177000-7fae0b178000 rw-p 00100000 08:02 1703949                    /lib/x86_64-linux-gnu/libm-2.19.so
7fae0b178000-7fae0be43000 r-xp 00000000 08:02 4720154                    /opt/java/jdk1.8.0_101/jre/lib/amd64/server/libjvm.so
7fae0be43000-7fae0c042000 ---p 00ccb000 08:02 4720154                    /opt/java/jdk1.8.0_101/jre/lib/amd64/server/libjvm.so
7fae0c042000-7fae0c11b000 rw-p 00cca000 08:02 4720154                    /opt/java/jdk1.8.0_101/jre/lib/amd64/server/libjvm.so
7fae0c11b000-7fae0c166000 rw-p 00000000 00:00 0 
7fae0c166000-7fae0c307000 r-xp 00000000 08:02 1703945                    /lib/x86_64-linux-gnu/libc-2.19.so
7fae0c307000-7fae0c507000 ---p 001a1000 08:02 1703945                    /lib/x86_64-linux-gnu/libc-2.19.so
7fae0c507000-7fae0c50b000 r--p 001a1000 08:02 1703945                    /lib/x86_64-linux-gnu/libc-2.19.so
7fae0c50b000-7fae0c50d000 rw-p 001a5000 08:02 1703945                    /lib/x86_64-linux-gnu/libc-2.19.so
7fae0c50d000-7fae0c511000 rw-p 00000000 00:00 0 
7fae0c511000-7fae0c514000 r-xp 00000000 08:02 1703948                    /lib/x86_64-linux-gnu/libdl-2.19.so
7fae0c514000-7fae0c713000 ---p 00003000 08:02 1703948                    /lib/x86_64-linux-gnu/libdl-2.19.so
7fae0c713000-7fae0c714000 r--p 00002000 08:02 1703948                    /lib/x86_64-linux-gnu/libdl-2.19.so
7fae0c714000-7fae0c715000 rw-p 00003000 08:02 1703948                    /lib/x86_64-linux-gnu/libdl-2.19.so
7fae0c715000-7fae0c72a000 r-xp 00000000 08:02 4719297                    /opt/java/jdk1.8.0_101/lib/amd64/jli/libjli.so
7fae0c72a000-7fae0c92a000 ---p 00015000 08:02 4719297                    /opt/java/jdk1.8.0_101/lib/amd64/jli/libjli.so
7fae0c92a000-7fae0c92b000 rw-p 00015000 08:02 4719297                    /opt/java/jdk1.8.0_101/lib/amd64/jli/libjli.so
7fae0c92b000-7fae0c943000 r-xp 00000000 08:02 1703941                    /lib/x86_64-linux-gnu/libpthread-2.19.so
7fae0c943000-7fae0cb42000 ---p 00018000 08:02 1703941                    /lib/x86_64-linux-gnu/libpthread-2.19.so
7fae0cb42000-7fae0cb43000 r--p 00017000 08:02 1703941                    /lib/x86_64-linux-gnu/libpthread-2.19.so
7fae0cb43000-7fae0cb44000 rw-p 00018000 08:02 1703941                    /lib/x86_64-linux-gnu/libpthread-2.19.so
7fae0cb44000-7fae0cb48000 rw-p 00000000 00:00 0 
7fae0cb48000-7fae0cb68000 r-xp 00000000 08:02 1703942                    /lib/x86_64-linux-gnu/ld-2.19.so
7fae0cb68000-7fae0cb69000 r--s 00001000 08:02 272771                     /usr/share/java/wagon-file-2.x.jar
7fae0cb69000-7fae0cb6b000 r--s 00007000 08:02 272800                     /usr/share/java/maven3-settings-builder-3.0.5.jar
7fae0cb6b000-7fae0cb77000 r--s 0007c000 08:02 272801                     /usr/share/java/maven3-core-3.0.5.jar
7fae0cb77000-7fae0cc47000 rw-p 00000000 00:00 0 
7fae0cc47000-7fae0cc4a000 ---p 00000000 00:00 0 
7fae0cc4a000-7fae0cd4c000 rw-p 00000000 00:00 0                          [stack:37133]
7fae0cd4c000-7fae0cd4d000 r--s 0000d000 08:02 262783                     /usr/share/java/commons-logging-1.2.jar
7fae0cd4d000-7fae0cd50000 r--s 00013000 08:02 1311650                    /usr/share/maven-repo/org/sonatype/aether/aether-api/1.13.1/aether-api-1.13.1.jar
7fae0cd50000-7fae0cd54000 r--s 0001c000 08:02 1311627                    /usr/share/maven-repo/org/sonatype/aether/aether-util/1.13.1/aether-util-1.13.1.jar
7fae0cd54000-7fae0cd58000 r--s 00037000 08:02 265204                     /usr/share/java/plexus-utils2-3.0.15.jar
7fae0cd58000-7fae0cd5a000 r--s 00009000 08:02 272797                     /usr/share/java/maven3-plugin-api-3.0.5.jar
7fae0cd5a000-7fae0cd5c000 r--s 0000a000 08:02 262911                     /usr/share/java/plexus-classworlds2-2.5.2.jar
7fae0cd5c000-7fae0cd64000 rw-s 00000000 08:02 5245993                    /tmp/hsperfdata_hduser/37122
7fae0cd64000-7fae0cd65000 rw-p 00000000 00:00 0 
7fae0cd65000-7fae0cd66000 ---p 00000000 00:00 0 
7fae0cd66000-7fae0cd68000 rw-p 00000000 00:00 0 
7fae0cd68000-7fae0cd69000 r--p 00020000 08:02 1703942                    /lib/x86_64-linux-gnu/ld-2.19.so
7fae0cd69000-7fae0cd6a000 rw-p 00021000 08:02 1703942                    /lib/x86_64-linux-gnu/ld-2.19.so
7fae0cd6a000-7fae0cd6b000 rw-p 00000000 00:00 0 
7fffee41a000-7fffee43b000 rw-p 00000000 00:00 0                          [stack]
7fffee47f000-7fffee481000 r-xp 00000000 00:00 0                          [vdso]
7fffee481000-7fffee483000 r--p 00000000 00:00 0                          [vvar]
ffffffffff600000-ffffffffff601000 r-xp 00000000 00:00 0                  [vsyscall]

VM Arguments:
jvm_args: -Dclassworlds.conf=/usr/share/maven/bin/m2.conf -Dmaven.home=/usr/share/maven 
java_command: org.codehaus.plexus.classworlds.launcher.Launcher clean package
java_class_path (initial): /usr/share/maven/boot/plexus-classworlds-2.x.jar
Launcher Type: SUN_STANDARD

Environment Variables:
JAVA_HOME=/opt/java/jdk1.8.0_101
PATH=/usr/local/bin:/usr/bin:/bin:/usr/local/games:/usr/games
USERNAME=hduser
LD_LIBRARY_PATH=/home/hduser/bhl/Sources/idea-IC-163.12024.16/bin:
SHELL=/bin/bash
DISPLAY=:0

Signal Handlers:
SIGSEGV: [libjvm.so+0xac4790], sa_mask[0]=11111111011111111101111111111110, sa_flags=SA_RESTART|SA_SIGINFO
SIGBUS: [libjvm.so+0xac4790], sa_mask[0]=11111111011111111101111111111110, sa_flags=SA_RESTART|SA_SIGINFO
SIGFPE: [libjvm.so+0x91f140], sa_mask[0]=11111111011111111101111111111110, sa_flags=SA_RESTART|SA_SIGINFO
SIGPIPE: [libjvm.so+0x91f140], sa_mask[0]=11111111011111111101111111111110, sa_flags=SA_RESTART|SA_SIGINFO
SIGXFSZ: [libjvm.so+0x91f140], sa_mask[0]=11111111011111111101111111111110, sa_flags=SA_RESTART|SA_SIGINFO
SIGILL: [libjvm.so+0x91f140], sa_mask[0]=11111111011111111101111111111110, sa_flags=SA_RESTART|SA_SIGINFO
SIGUSR1: SIG_DFL, sa_mask[0]=00000000000000000000000000000000, sa_flags=none
SIGUSR2: [libjvm.so+0x920770], sa_mask[0]=00100000000000000000000000000000, sa_flags=SA_RESTART|SA_SIGINFO
SIGHUP: [libjvm.so+0x921b70], sa_mask[0]=11111111011111111101111111111110, sa_flags=SA_RESTART|SA_SIGINFO
SIGINT: [libjvm.so+0x921b70], sa_mask[0]=11111111011111111101111111111110, sa_flags=SA_RESTART|SA_SIGINFO
SIGTERM: [libjvm.so+0x921b70], sa_mask[0]=11111111011111111101111111111110, sa_flags=SA_RESTART|SA_SIGINFO
SIGQUIT: [libjvm.so+0x921b70], sa_mask[0]=11111111011111111101111111111110, sa_flags=SA_RESTART|SA_SIGINFO


---------------  S Y S T E M  ---------------

OS:PRETTY_NAME="Debian GNU/Linux 8 (jessie)"
NAME="Debian GNU/Linux"
VERSION_ID="8"
VERSION="8 (jessie)"
ID=debian
HOME_URL="http://www.debian.org/"
SUPPORT_URL="http://www.debian.org/support"
BUG_REPORT_URL="https://bugs.debian.org/"

uname:Linux 3.16.0-4-amd64 #1 SMP Debian 3.16.39-1 (2016-12-30) x86_64
libc:glibc 2.19 NPTL 2.19 
rlimit: STACK 8192k, CORE 0k, NPROC 31922, NOFILE 65536, AS infinity
load average:2.97 1.71 1.46

/proc/meminfo:
MemTotal:        9090280 kB
MemFree:          117076 kB
MemAvailable:      65448 kB
Buffers:             548 kB
Cached:            69860 kB
SwapCached:         1824 kB
Active:          3776152 kB
Inactive:         998764 kB
Active(anon):    3761972 kB
Inactive(anon):   978940 kB
Active(file):      14180 kB
Inactive(file):    19824 kB
Unevictable:          40 kB
Mlocked:              40 kB
SwapTotal:          8188 kB
SwapFree:              0 kB
Dirty:              2996 kB
Writeback:             0 kB
AnonPages:       4703024 kB
Mapped:            59472 kB
Shmem:             36412 kB
Slab:              64656 kB
SReclaimable:      31672 kB
SUnreclaim:        32984 kB
KernelStack:       12784 kB
PageTables:        44708 kB
NFS_Unstable:          0 kB
Bounce:                0 kB
WritebackTmp:          0 kB
CommitLimit:     4553328 kB
Committed_AS:    9132840 kB
VmallocTotal:   34359738367 kB
VmallocUsed:       49548 kB
VmallocChunk:   34359685628 kB
HardwareCorrupted:     0 kB
AnonHugePages:         0 kB
HugePages_Total:       0
HugePages_Free:        0
HugePages_Rsvd:        0
HugePages_Surp:        0
Hugepagesize:       2048 kB
DirectMap4k:       90048 kB
DirectMap2M:    11968512 kB


CPU:total 2 (2 cores per cpu, 1 threads per core) family 6 model 94 stepping 3, cmov, cx8, fxsr, mmx, sse, sse2, sse3, ssse3, sse4.1, sse4.2, popcnt, avx, avx2, aes, clmul, erms, rtm, 3dnowpref, lzcnt, tsc, bmi1, bmi2, adx

/proc/cpuinfo:
processor	: 0
vendor_id	: GenuineIntel
cpu family	: 6
model		: 94
model name	: Intel(R) Core(TM) i5-6600 CPU @ 3.30GHz
stepping	: 3
microcode	: 0xffffffff
cpu MHz		: 3311.991
cache size	: 6144 KB
physical id	: 0
siblings	: 2
core id		: 0
cpu cores	: 2
apicid		: 0
initial apicid	: 0
fpu		: yes
fpu_exception	: yes
cpuid level	: 21
wp		: yes
flags		: fpu vme de pse tsc msr pae mce cx8 apic sep mtrr pge mca cmov pat pse36 clflush mmx fxsr sse sse2 ss ht syscall nx lm constant_tsc rep_good nopl eagerfpu pni pclmulqdq ssse3 fma cx16 sse4_1 sse4_2 movbe popcnt aes xsave avx f16c rdrand hypervisor lahf_lm abm 3dnowprefetch xsaveopt fsgsbase bmi1 hle avx2 smep bmi2 erms rtm rdseed adx smap
bogomips	: 6623.98
clflush size	: 64
cache_alignment	: 64
address sizes	: 39 bits physical, 48 bits virtual
power management:

processor	: 1
vendor_id	: GenuineIntel
cpu family	: 6
model		: 94
model name	: Intel(R) Core(TM) i5-6600 CPU @ 3.30GHz
stepping	: 3
microcode	: 0xffffffff
cpu MHz		: 3311.991
cache size	: 6144 KB
physical id	: 0
siblings	: 2
core id		: 1
cpu cores	: 2
apicid		: 1
initial apicid	: 1
fpu		: yes
fpu_exception	: yes
cpuid level	: 21
wp		: yes
flags		: fpu vme de pse tsc msr pae mce cx8 apic sep mtrr pge mca cmov pat pse36 clflush mmx fxsr sse sse2 ss ht syscall nx lm constant_tsc rep_good nopl eagerfpu pni pclmulqdq ssse3 fma cx16 sse4_1 sse4_2 movbe popcnt aes xsave avx f16c rdrand hypervisor lahf_lm abm 3dnowprefetch xsaveopt fsgsbase bmi1 hle avx2 smep bmi2 erms rtm rdseed adx smap
bogomips	: 6623.98
clflush size	: 64
cache_alignment	: 64
address sizes	: 39 bits physical, 48 bits virtual
power management:



Memory: 4k page, physical 9090280k(117076k free), swap 8188k(0k free)

vm_info: Java HotSpot(TM) 64-Bit Server VM (25.101-b13) for linux-amd64 JRE (1.8.0_101-b13), built on Jun 22 2016 02:59:44 by "java_re" with gcc 4.3.0 20080428 (Red Hat 4.3.0-8)

time: Tue Oct 24 15:37:16 2017
elapsed time: 29 seconds (0d 0h 0m 29s)

